Determining if the pthread_create exist failed with the following output:
Change Dir: /home/ga73kec/group7/build/CMakeFiles/CMakeTmp

Run Build Command:/usr/bin/make "cmTryCompileExec1199768284/fast"
/usr/bin/make -f CMakeFiles/cmTryCompileExec1199768284.dir/build.make CMakeFiles/cmTryCompileExec1199768284.dir/build
make[1]: Entering directory `/home/ga73kec/group7/build/CMakeFiles/CMakeTmp'
/usr/bin/cmake -E cmake_progress_report /home/ga73kec/group7/build/CMakeFiles/CMakeTmp/CMakeFiles 1
Building C object CMakeFiles/cmTryCompileExec1199768284.dir/CheckSymbolExists.c.o
/usr/bin/cc    -o CMakeFiles/cmTryCompileExec1199768284.dir/CheckSymbolExists.c.o   -c /home/ga73kec/group7/build/CMakeFiles/CMakeTmp/CheckSymbolExists.c
Linking C executable cmTryCompileExec1199768284
/usr/bin/cmake -E cmake_link_script CMakeFiles/cmTryCompileExec1199768284.dir/link.txt --verbose=1
/usr/bin/cc       CMakeFiles/cmTryCompileExec1199768284.dir/CheckSymbolExists.c.o  -o cmTryCompileExec1199768284 -rdynamic 
CMakeFiles/cmTryCompileExec1199768284.dir/CheckSymbolExists.c.o: In function `main':
CheckSymbolExists.c:(.text+0x16): undefined reference to `pthread_create'
collect2: error: ld returned 1 exit status
make[1]: *** [cmTryCompileExec1199768284] Error 1
make[1]: Leaving directory `/home/ga73kec/group7/build/CMakeFiles/CMakeTmp'
make: *** [cmTryCompileExec1199768284/fast] Error 2

File /home/ga73kec/group7/build/CMakeFiles/CMakeTmp/CheckSymbolExists.c:
/* */
#include <pthread.h>

int main(int argc, char** argv)
{
  (void)argv;
#ifndef pthread_create
  return ((int*)(&pthread_create))[argc];
#else
  (void)argc;
  return 0;
#endif
}

Determining if the function pthread_create exists in the pthreads failed with the following output:
Change Dir: /home/ga73kec/group7/build/CMakeFiles/CMakeTmp

Run Build Command:/usr/bin/make "cmTryCompileExec3107432049/fast"
/usr/bin/make -f CMakeFiles/cmTryCompileExec3107432049.dir/build.make CMakeFiles/cmTryCompileExec3107432049.dir/build
make[1]: Entering directory `/home/ga73kec/group7/build/CMakeFiles/CMakeTmp'
/usr/bin/cmake -E cmake_progress_report /home/ga73kec/group7/build/CMakeFiles/CMakeTmp/CMakeFiles 1
Building C object CMakeFiles/cmTryCompileExec3107432049.dir/CheckFunctionExists.c.o
/usr/bin/cc   -DCHECK_FUNCTION_EXISTS=pthread_create   -o CMakeFiles/cmTryCompileExec3107432049.dir/CheckFunctionExists.c.o   -c /usr/share/cmake-2.8/Modules/CheckFunctionExists.c
Linking C executable cmTryCompileExec3107432049
/usr/bin/cmake -E cmake_link_script CMakeFiles/cmTryCompileExec3107432049.dir/link.txt --verbose=1
/usr/bin/cc   -DCHECK_FUNCTION_EXISTS=pthread_create    CMakeFiles/cmTryCompileExec3107432049.dir/CheckFunctionExists.c.o  -o cmTryCompileExec3107432049 -rdynamic -lpthreads 
/usr/bin/ld: cannot find -lpthreads
collect2: error: ld returned 1 exit status
make[1]: *** [cmTryCompileExec3107432049] Error 1
make[1]: Leaving directory `/home/ga73kec/group7/build/CMakeFiles/CMakeTmp'
make: *** [cmTryCompileExec3107432049/fast] Error 2


